<?xml version="1.0" encoding="UTF-8"?>
<!-- Generated by org.testng.reporters.JUnitReportReporter -->
<testsuite hostname="DESKTOP-T7QCDAB" failures="0" tests="1" name="com.PS.testcases.HomePageTest" time="29.290" errors="0" timestamp="2022-09-14T22:40:10 IST" skipped="0">
  <testcase classname="com.PS.testcases.HomePageTest" name="clickOnPim" time="29.290"/>
  <system-out/>
</testsuite> <!-- com.PS.testcases.HomePageTest -->
