<?xml version="1.0" encoding="UTF-8"?>
<!-- Generated by org.testng.reporters.JUnitReportReporter -->
<testsuite hostname="DESKTOP-T7QCDAB" failures="0" tests="1" name="com.PS.testcases.LoginTest" time="38.705" errors="0" timestamp="2022-09-14T10:33:56 IST" skipped="0">
  <testcase classname="com.PS.testcases.LoginTest" name="loginPageTitleTest" time="38.705"/>
  <system-out/>
</testsuite> <!-- com.PS.testcases.LoginTest -->
