<?xml version="1.0" encoding="UTF-8"?>
<!-- Generated by org.testng.reporters.JUnitReportReporter -->
<testsuite hostname="DESKTOP-T7QCDAB" failures="0" tests="3" name="com.PS.testcases.LoginTest" time="39.760" errors="0" timestamp="2022-09-14T16:46:24 IST" skipped="0">
  <testcase classname="com.PS.testcases.LoginTest" name="logintest" time="12.406"/>
  <system-out/>
  <testcase classname="com.PS.testcases.LoginTest" name="loginPageTitleTest" time="15.277"/>
  <system-out/>
  <testcase classname="com.PS.testcases.LoginTest" name="logoVerify" time="12.077"/>
  <system-out/>
</testsuite> <!-- com.PS.testcases.LoginTest -->
