<?xml version="1.0" encoding="UTF-8"?>
<!-- Generated by org.testng.reporters.JUnitReportReporter -->
<testsuite hostname="DESKTOP-T7QCDAB" failures="0" tests="1" name="com.PS.testcases.LoginTest" time="35.511" errors="0" timestamp="2022-09-14T11:59:08 IST" skipped="0">
  <testcase classname="com.PS.testcases.LoginTest" name="loginPageTitleTest" time="35.511"/>
  <system-out/>
</testsuite> <!-- com.PS.testcases.LoginTest -->
